[debug] [2021-06-30T02:10:31.819Z] ----------------------------------------------------------------------
[debug] [2021-06-30T02:10:31.821Z] Command:       /usr/local/bin/firebase /home/zeeson/.cache/firebase/tools/lib/node_modules/firebase-tools/lib/bin/firebase deploy
[debug] [2021-06-30T02:10:31.822Z] CLI Version:   9.2.2
[debug] [2021-06-30T02:10:31.822Z] Platform:      linux
[debug] [2021-06-30T02:10:31.822Z] Node Version:  v12.18.1
[debug] [2021-06-30T02:10:32.717Z] Time:          Wed Jun 30 2021 03:10:31 GMT+0100 (West Africa Standard Time)
[debug] [2021-06-30T02:10:32.717Z] ----------------------------------------------------------------------
[debug] [2021-06-30T02:10:32.718Z] 
[debug] [2021-06-30T02:10:32.774Z] >>> [apiv2][query] GET https://firebase-public.firebaseio.com/cli.json [none]
[debug] [2021-06-30T02:10:33.208Z] > command requires scopes: ["email","openid","https://www.googleapis.com/auth/cloudplatformprojects.readonly","https://www.googleapis.com/auth/firebase","https://www.googleapis.com/auth/cloud-platform"]
[debug] [2021-06-30T02:10:33.209Z] > authorizing via signed-in user
[debug] [2021-06-30T02:10:33.209Z] [iam] checking project talk2hear for permissions ["cloudfunctions.functions.create","cloudfunctions.functions.delete","cloudfunctions.functions.get","cloudfunctions.functions.list","cloudfunctions.functions.update","cloudfunctions.operations.get","firebase.projects.get","firebasehosting.sites.update"]
[debug] [2021-06-30T02:10:33.212Z] > refreshing access token with scopes: ["email","https://www.googleapis.com/auth/cloud-platform","https://www.googleapis.com/auth/cloudplatformprojects.readonly","https://www.googleapis.com/auth/firebase","openid"]
[debug] [2021-06-30T02:10:33.213Z] >>> HTTP REQUEST POST https://www.googleapis.com/oauth2/v3/token  
 <request body omitted>
[debug] [2021-06-30T02:10:33.228Z] [iam] error while checking permissions, command may fail: FirebaseError: Authentication Error: Your credentials are no longer valid. Please run firebase login --reauth

For CI servers and headless environments, generate a new token with firebase login:ci
[debug] [2021-06-30T02:10:33.228Z] > refreshing access token with scopes: ["email","https://www.googleapis.com/auth/cloud-platform","https://www.googleapis.com/auth/cloudplatformprojects.readonly","https://www.googleapis.com/auth/firebase","openid"]
[debug] [2021-06-30T02:10:33.228Z] >>> HTTP REQUEST POST https://www.googleapis.com/oauth2/v3/token  
 <request body omitted>
[debug] [2021-06-30T02:10:33.231Z] [functions] service account IAM check errored, deploy may fail: Authentication Error: Your credentials are no longer valid. Please run firebase login --reauth

For CI servers and headless environments, generate a new token with firebase login:ci {"name":"FirebaseError","children":[],"exit":1,"message":"Authentication Error: Your credentials are no longer valid. Please run \u001b[1mfirebase login --reauth\u001b[22m\n\nFor CI servers and headless environments, generate a new token with \u001b[1mfirebase login:ci\u001b[22m","status":500}
[debug] [2021-06-30T02:10:33.232Z] > refreshing access token with scopes: []
[debug] [2021-06-30T02:10:33.233Z] >>> HTTP REQUEST POST https://www.googleapis.com/oauth2/v3/token  
 <request body omitted>
[debug] [2021-06-30T02:10:33.235Z] Authentication Error: Your credentials are no longer valid. Please run firebase login --reauth

For CI servers and headless environments, generate a new token with firebase login:ci
[debug] [2021-06-30T02:10:33.243Z] FirebaseError: Authentication Error: Your credentials are no longer valid. Please run firebase login --reauth

For CI servers and headless environments, generate a new token with firebase login:ci
    at Object.<anonymous> (/home/zeeson/.cache/firebase/tools/lib/node_modules/firebase-tools/lib/auth.js:23:32)
    at Module._compile (internal/modules/cjs/loader.js:1136:30)
    at Module._compile (pkg/prelude/bootstrap.js:1281:32)
    at Object.Module._extensions..js (internal/modules/cjs/loader.js:1156:10)
    at Module.load (internal/modules/cjs/loader.js:984:32)
    at Function.Module._load (internal/modules/cjs/loader.js:877:14)
    at Module.require (internal/modules/cjs/loader.js:1024:19)
    at Module.require (pkg/prelude/bootstrap.js:1225:31)
    at require (internal/modules/cjs/helpers.js:72:18)
    at Object.<anonymous> (/home/zeeson/.cache/firebase/tools/lib/node_modules/firebase-tools/lib/init/features/hosting/github.js:11:16)
    at Module._compile (internal/modules/cjs/loader.js:1136:30)
    at Module._compile (pkg/prelude/bootstrap.js:1281:32)
    at Object.Module._extensions..js (internal/modules/cjs/loader.js:1156:10)
    at Module.load (internal/modules/cjs/loader.js:984:32)
    at Function.Module._load (internal/modules/cjs/loader.js:877:14)
    at Module.require (internal/modules/cjs/loader.js:1024:19)
[error] 
[error] Error: Failed to get Firebase project talk2hear. Please make sure the project exists and your account has permission to access it.
